[0208/113314.912:ERROR:process_memory_win.cc(73)] ReadMemory at 0x7ffbfb390000 of 64 bytes failed: Only part of a ReadProcessMemory or WriteProcessMemory request was completed. (0x12B)
[0208/113314.916:WARNING:pe_image_reader.cc(340)] could not read dos header from C:\Program Files (x86)\Google\Chrome\Application\80.0.3987.87\chrome.dll
[0208/113314.916:ERROR:process_memory_win.cc(73)] ReadMemory at 0x7ffbfb390000 of 64 bytes failed: Only part of a ReadProcessMemory or WriteProcessMemory request was completed. (0x12B)
[0208/113314.916:WARNING:pe_image_reader.cc(340)] could not read dos header from C:\Program Files (x86)\Google\Chrome\Application\80.0.3987.87\chrome.dll
[0208/113314.932:ERROR:process_memory_win.cc(73)] ReadMemory at 0x28024b023d0 of 6656 bytes failed: Only part of a ReadProcessMemory or WriteProcessMemory request was completed. (0x12B)
[0208/113314.936:ERROR:process_snapshot_win.cc(322)] failed to read unloaded module data
[0208/113314.940:ERROR:process_memory_win.cc(73)] ReadMemory at 0x7ff770ac0000 of 64 bytes failed: Only part of a ReadProcessMemory or WriteProcessMemory request was completed. (0x12B)
[0208/113314.940:WARNING:pe_image_reader.cc(340)] could not read dos header from C:\Program Files (x86)\Google\Chrome\Application\chrome.exe
[0208/113314.952:ERROR:process_memory_win.cc(73)] ReadMemory at 0x7ffbfb390000 of 64 bytes failed: Only part of a ReadProcessMemory or WriteProcessMemory request was completed. (0x12B)
[0208/113314.956:WARNING:pe_image_reader.cc(340)] could not read dos header from C:\Program Files (x86)\Google\Chrome\Application\80.0.3987.87\chrome.dll
[0208/113314.956:ERROR:process_memory_win.cc(73)] ReadMemory at 0x7ff770ac0000 of 64 bytes failed: Only part of a ReadProcessMemory or WriteProcessMemory request was completed. (0x12B)
[0208/113314.956:WARNING:pe_image_reader.cc(340)] could not read dos header from C:\Program Files (x86)\Google\Chrome\Application\chrome.exe
[0208/113314.956:ERROR:process_memory_win.cc(73)] ReadMemory at 0x7ff770ac0000 of 64 bytes failed: Only part of a ReadProcessMemory or WriteProcessMemory request was completed. (0x12B)
[0208/113314.956:WARNING:pe_image_reader.cc(340)] could not read dos header from C:\Program Files (x86)\Google\Chrome\Application\chrome.exe
[0208/113314.956:ERROR:process_memory_win.cc(73)] ReadMemory at 0x28024f00790 of 72 bytes failed: Only part of a ReadProcessMemory or WriteProcessMemory request was completed. (0x12B)
[0208/113314.956:WARNING:pe_image_annotations_reader.cc(134)] could not read annotations list object in C:\Program Files (x86)\Google\Chrome\Application\80.0.3987.87\chrome_elf.dll
[0208/113314.956:ERROR:process_memory_win.cc(73)] ReadMemory at 0x7ffbfb390000 of 64 bytes failed: Only part of a ReadProcessMemory or WriteProcessMemory request was completed. (0x12B)
[0208/113314.956:WARNING:pe_image_reader.cc(340)] could not read dos header from C:\Program Files (x86)\Google\Chrome\Application\80.0.3987.87\chrome.dll
[0208/113314.956:ERROR:process_memory_win.cc(73)] ReadMemory at 0x7ffbfb390000 of 64 bytes failed: Only part of a ReadProcessMemory or WriteProcessMemory request was completed. (0x12B)
[0208/113314.956:WARNING:pe_image_reader.cc(340)] could not read dos header from C:\Program Files (x86)\Google\Chrome\Application\80.0.3987.87\chrome.dll
[0208/113315.212:ERROR:process_memory_win.cc(73)] ReadMemory at 0x7ff770ac0000 of 64 bytes failed: Only part of a ReadProcessMemory or WriteProcessMemory request was completed. (0x12B)
[0208/113315.212:WARNING:pe_image_reader.cc(340)] could not read dos header from C:\Program Files (x86)\Google\Chrome\Application\chrome.exe
[0208/113315.212:ERROR:process_memory_win.cc(73)] ReadMemory at 0x7ffc4fa20000 of 64 bytes failed: Only part of a ReadProcessMemory or WriteProcessMemory request was completed. (0x12B)
[0208/113315.212:WARNING:pe_image_reader.cc(340)] could not read dos header from C:\WINDOWS\SYSTEM32\ntdll.dll
[0208/113315.212:ERROR:process_memory_win.cc(73)] ReadMemory at 0x7ffc4ed90000 of 64 bytes failed: Only part of a ReadProcessMemory or WriteProcessMemory request was completed. (0x12B)
[0208/113315.212:WARNING:pe_image_reader.cc(340)] could not read dos header from C:\WINDOWS\System32\KERNEL32.DLL
[0208/113315.212:ERROR:process_memory_win.cc(73)] ReadMemory at 0x7ffc4cda0000 of 64 bytes failed: Only part of a ReadProcessMemory or WriteProcessMemory request was completed. (0x12B)
[0208/113315.212:WARNING:pe_image_reader.cc(340)] could not read dos header from C:\WINDOWS\System32\KERNELBASE.dll
[0208/113315.212:ERROR:process_memory_win.cc(73)] ReadMemory at 0x7ffc35ff0000 of 64 bytes failed: Only part of a ReadProcessMemory or WriteProcessMemory request was completed. (0x12B)
[0208/113315.212:WARNING:pe_image_reader.cc(340)] could not read dos header from C:\Program Files (x86)\Google\Chrome\Application\80.0.3987.87\chrome_elf.dll
[0208/113315.212:ERROR:process_memory_win.cc(73)] ReadMemory at 0x7ffc4b070000 of 64 bytes failed: Only part of a ReadProcessMemory or WriteProcessMemory request was completed. (0x12B)
[0208/113315.212:WARNING:pe_image_reader.cc(340)] could not read dos header from C:\WINDOWS\SYSTEM32\VERSION.dll
[0208/113315.212:ERROR:process_memory_win.cc(73)] ReadMemory at 0x7ffc4dda0000 of 64 bytes failed: Only part of a ReadProcessMemory or WriteProcessMemory request was completed. (0x12B)
[0208/113315.212:WARNING:pe_image_reader.cc(340)] could not read dos header from C:\WINDOWS\System32\msvcrt.dll
[0208/113315.212:ERROR:process_memory_win.cc(73)] ReadMemory at 0x7ffc4da50000 of 64 bytes failed: Only part of a ReadProcessMemory or WriteProcessMemory request was completed. (0x12B)
[0208/113315.212:WARNING:pe_image_reader.cc(340)] could not read dos header from C:\WINDOWS\System32\bcryptPrimitives.dll
[0208/113315.212:ERROR:process_memory_win.cc(73)] ReadMemory at 0x7ffc4f080000 of 64 bytes failed: Only part of a ReadProcessMemory or WriteProcessMemory request was completed. (0x12B)
[0208/113315.212:WARNING:pe_image_reader.cc(340)] could not read dos header from C:\WINDOWS\System32\ADVAPI32.dll
[0208/113315.212:ERROR:process_memory_win.cc(73)] ReadMemory at 0x7ffc4f850000 of 64 bytes failed: Only part of a ReadProcessMemory or WriteProcessMemory request was completed. (0x12B)
[0208/113315.212:WARNING:pe_image_reader.cc(340)] could not read dos header from C:\WINDOWS\System32\sechost.dll
[0208/113315.216:ERROR:process_memory_win.cc(73)] ReadMemory at 0x7ffc4de40000 of 64 bytes failed: Only part of a ReadProcessMemory or WriteProcessMemory request was completed. (0x12B)
[0208/113315.216:WARNING:pe_image_reader.cc(340)] could not read dos header from C:\WINDOWS\System32\RPCRT4.dll
[0208/113315.216:ERROR:process_memory_win.cc(73)] ReadMemory at 0x7ffbfb390000 of 64 bytes failed: Only part of a ReadProcessMemory or WriteProcessMemory request was completed. (0x12B)
[0208/113315.216:WARNING:pe_image_reader.cc(340)] could not read dos header from C:\Program Files (x86)\Google\Chrome\Application\80.0.3987.87\chrome.dll
[0208/113315.216:ERROR:process_memory_win.cc(73)] ReadMemory at 0x7ffc4dd30000 of 64 bytes failed: Only part of a ReadProcessMemory or WriteProcessMemory request was completed. (0x12B)
[0208/113315.216:WARNING:pe_image_reader.cc(340)] could not read dos header from C:\WINDOWS\System32\WS2_32.dll
[0208/113315.216:ERROR:process_memory_win.cc(73)] ReadMemory at 0x7ffc4f250000 of 64 bytes failed: Only part of a ReadProcessMemory or WriteProcessMemory request was completed. (0x12B)
[0208/113315.216:WARNING:pe_image_reader.cc(340)] could not read dos header from C:\WINDOWS\System32\OLEAUT32.dll
[0208/113315.216:ERROR:process_memory_win.cc(73)] ReadMemory at 0x7ffc4cb80000 of 64 bytes failed: Only part of a ReadProcessMemory or WriteProcessMemory request was completed. (0x12B)
[0208/113315.216:WARNING:pe_image_reader.cc(340)] could not read dos header from C:\WINDOWS\System32\msvcp_win.dll
[0208/113315.216:ERROR:process_memory_win.cc(73)] ReadMemory at 0x7ffc4c9b0000 of 64 bytes failed: Only part of a ReadProcessMemory or WriteProcessMemory request was completed. (0x12B)
[0208/113315.216:WARNING:pe_image_reader.cc(340)] could not read dos header from C:\WINDOWS\System32\ucrtbase.dll
[0208/113315.216:ERROR:process_memory_win.cc(73)] ReadMemory at 0x7ffc4f510000 of 64 bytes failed: Only part of a ReadProcessMemory or WriteProcessMemory request was completed. (0x12B)
[0208/113315.216:WARNING:pe_image_reader.cc(340)] could not read dos header from C:\WINDOWS\System32\combase.dll
[0208/113315.216:ERROR:process_memory_win.cc(73)] ReadMemory at 0x7ffc4cad0000 of 64 bytes failed: Only part of a ReadProcessMemory or WriteProcessMemory request was completed. (0x12B)
[0208/113315.216:WARNING:pe_image_reader.cc(340)] could not read dos header from C:\WINDOWS\System32\WINTRUST.dll
[0208/113315.216:ERROR:process_memory_win.cc(73)] ReadMemory at 0x7ffc4c900000 of 64 bytes failed: Only part of a ReadProcessMemory or WriteProcessMemory request was completed. (0x12B)
[0208/113315.216:WARNING:pe_image_reader.cc(340)] could not read dos header from C:\WINDOWS\System32\MSASN1.dll
[0208/113315.216:ERROR:process_memory_win.cc(73)] ReadMemory at 0x7ffc4cc50000 of 64 bytes failed: Only part of a ReadProcessMemory or WriteProcessMemory request was completed. (0x12B)
[0208/113315.216:WARNING:pe_image_reader.cc(340)] could not read dos header from C:\WINDOWS\System32\CRYPT32.dll
[0208/113315.216:ERROR:process_memory_win.cc(73)] ReadMemory at 0x7ffc4be70000 of 64 bytes failed: Only part of a ReadProcessMemory or WriteProcessMemory request was completed. (0x12B)
[0208/113315.216:WARNING:pe_image_reader.cc(340)] could not read dos header from C:\WINDOWS\SYSTEM32\IPHLPAPI.DLL
[0208/113315.216:ERROR:process_memory_win.cc(73)] ReadMemory at 0x7ffc453d0000 of 64 bytes failed: Only part of a ReadProcessMemory or WriteProcessMemory request was completed. (0x12B)
[0208/113315.216:WARNING:pe_image_reader.cc(340)] could not read dos header from C:\WINDOWS\SYSTEM32\WINMM.dll
[0208/113315.216:ERROR:process_memory_win.cc(73)] ReadMemory at 0x7ffc35710000 of 64 bytes failed: Only part of a ReadProcessMemory or WriteProcessMemory request was completed. (0x12B)
[0208/113315.216:WARNING:pe_image_reader.cc(340)] could not read dos header from C:\WINDOWS\SYSTEM32\Secur32.dll
[0208/113315.216:ERROR:process_memory_win.cc(73)] ReadMemory at 0x7ffc4c810000 of 64 bytes failed: Only part of a ReadProcessMemory or WriteProcessMemory request was completed. (0x12B)
[0208/113315.216:WARNING:pe_image_reader.cc(340)] could not read dos header from C:\WINDOWS\SYSTEM32\USERENV.dll
[0208/113315.216:ERROR:process_memory_win.cc(73)] ReadMemory at 0x7ffc4c920000 of 64 bytes failed: Only part of a ReadProcessMemory or WriteProcessMemory request was completed. (0x12B)
[0208/113315.216:WARNING:pe_image_reader.cc(340)] could not read dos header from C:\WINDOWS\System32\profapi.dll
[0208/113315.216:ERROR:process_memory_win.cc(73)] ReadMemory at 0x7ffc2e260000 of 64 bytes failed: Only part of a ReadProcessMemory or WriteProcessMemory request was completed. (0x12B)
[0208/113315.216:WARNING:pe_image_reader.cc(340)] could not read dos header from C:\WINDOWS\SYSTEM32\UIAutomationCore.DLL
[0208/113315.216:ERROR:process_memory_win.cc(73)] ReadMemory at 0x7ffc36170000 of 64 bytes failed: Only part of a ReadProcessMemory or WriteProcessMemory request was completed. (0x12B)
[0208/113315.216:WARNING:pe_image_reader.cc(340)] could not read dos header from C:\WINDOWS\SYSTEM32\DWrite.dll
[0208/113315.216:ERROR:process_memory_win.cc(73)] ReadMemory at 0x7ffc37a80000 of 64 bytes failed: Only part of a ReadProcessMemory or WriteProcessMemory request was completed. (0x12B)
[0208/113315.216:WARNING:pe_image_reader.cc(340)] could not read dos header from C:\WINDOWS\SYSTEM32\WINSPOOL.DRV
[0208/113315.216:ERROR:process_memory_win.cc(73)] ReadMemory at 0x7ffc4c940000 of 64 bytes failed: Only part of a ReadProcessMemory or WriteProcessMemory request was completed. (0x12B)
[0208/113315.220:WARNING:pe_image_reader.cc(340)] could not read dos header from C:\WINDOWS\System32\kernel.appcore.dll
[0208/113315.220:ERROR:process_memory_win.cc(73)] ReadMemory at 0x7ffc4d1f0000 of 64 bytes failed: Only part of a ReadProcessMemory or WriteProcessMemory request was completed. (0x12B)
[0208/113315.220:WARNING:pe_image_reader.cc(340)] could not read dos header from C:\WINDOWS\System32\bcrypt.dll
[0208/113315.220:ERROR:process_memory_win.cc(73)] ReadMemory at 0x7ffc4a750000 of 64 bytes failed: Only part of a ReadProcessMemory or WriteProcessMemory request was completed. (0x12B)
[0208/113315.220:WARNING:pe_image_reader.cc(340)] could not read dos header from C:\WINDOWS\SYSTEM32\dbghelp.dll
[0208/113315.220:ERROR:process_memory_win.cc(73)] ReadMemory at 0x7ffc40850000 of 64 bytes failed: Only part of a ReadProcessMemory or WriteProcessMemory request was completed. (0x12B)
[0208/113315.220:WARNING:pe_image_reader.cc(340)] could not read dos header from C:\WINDOWS\SYSTEM32\WINHTTP.dll
[0208/113315.220:ERROR:process_memory_win.cc(73)] ReadMemory at 0x7ffc44be0000 of 64 bytes failed: Only part of a ReadProcessMemory or WriteProcessMemory request was completed. (0x12B)
[0208/113315.220:WARNING:pe_image_reader.cc(340)] could not read dos header from C:\WINDOWS\SYSTEM32\dhcpcsvc.DLL
[0208/113315.220:ERROR:process_memory_win.cc(73)] ReadMemory at 0x7ffc4dd20000 of 64 bytes failed: Only part of a ReadProcessMemory or WriteProcessMemory request was completed. (0x12B)
[0208/113315.220:WARNING:pe_image_reader.cc(340)] could not read dos header from C:\WINDOWS\System32\NSI.dll
[0208/113315.220:ERROR:process_memory_win.cc(73)] ReadMemory at 0x7ffc453a0000 of 64 bytes failed: Only part of a ReadProcessMemory or WriteProcessMemory request was completed. (0x12B)
[0208/113315.220:WARNING:pe_image_reader.cc(340)] could not read dos header from C:\WINDOWS\SYSTEM32\WINMMBASE.dll
[0208/113315.220:ERROR:process_memory_win.cc(73)] ReadMemory at 0x7ffc4cb30000 of 64 bytes failed: Only part of a ReadProcessMemory or WriteProcessMemory request was completed. (0x12B)
[0208/113315.220:WARNING:pe_image_reader.cc(340)] could not read dos header from C:\WINDOWS\System32\cfgmgr32.dll
[0208/113315.220:ERROR:process_memory_win.cc(73)] ReadMemory at 0x7ffc4aa00000 of 64 bytes failed: Only part of a ReadProcessMemory or WriteProcessMemory request was completed. (0x12B)
[0208/113315.220:WARNING:pe_image_reader.cc(340)] could not read dos header from C:\WINDOWS\SYSTEM32\PROPSYS.dll
[0208/113315.220:ERROR:process_memory_win.cc(73)] ReadMemory at 0x7ffc4f130000 of 64 bytes failed: Only part of a ReadProcessMemory or WriteProcessMemory request was completed. (0x12B)
[0208/113315.220:WARNING:pe_image_reader.cc(340)] could not read dos header from C:\WINDOWS\System32\shcore.dll
[0208/113315.220:ERROR:process_memory_win.cc(73)] ReadMemory at 0x7ffc4c7e0000 of 64 bytes failed: Only part of a ReadProcessMemory or WriteProcessMemory request was completed. (0x12B)
[0208/113315.220:WARNING:pe_image_reader.cc(340)] could not read dos header from C:\WINDOWS\SYSTEM32\SSPICLI.DLL
[0208/113315.220:ERROR:process_memory_win.cc(73)] ReadMemory at 0x7ffc4c330000 of 64 bytes failed: Only part of a ReadProcessMemory or WriteProcessMemory request was completed. (0x12B)
[0208/113315.220:WARNING:pe_image_reader.cc(340)] could not read dos header from C:\WINDOWS\SYSTEM32\CRYPTBASE.DLL
[0208/113315.220:ERROR:process_memory_win.cc(73)] ReadMemory at 0x7ff770ac0000 of 64 bytes failed: Only part of a ReadProcessMemory or WriteProcessMemory request was completed. (0x12B)
[0208/113315.220:WARNING:pe_image_reader.cc(340)] could not read dos header from C:\Program Files (x86)\Google\Chrome\Application\chrome.exe
[0208/113315.220:ERROR:process_memory_win.cc(73)] ReadMemory at 0x7ffc4fa20000 of 64 bytes failed: Only part of a ReadProcessMemory or WriteProcessMemory request was completed. (0x12B)
[0208/113315.220:WARNING:pe_image_reader.cc(340)] could not read dos header from C:\WINDOWS\SYSTEM32\ntdll.dll
[0208/113315.220:ERROR:process_memory_win.cc(73)] ReadMemory at 0x7ffc4ed90000 of 64 bytes failed: Only part of a ReadProcessMemory or WriteProcessMemory request was completed. (0x12B)
[0208/113315.220:WARNING:pe_image_reader.cc(340)] could not read dos header from C:\WINDOWS\System32\KERNEL32.DLL
[0208/113315.220:ERROR:process_memory_win.cc(73)] ReadMemory at 0x7ffc4cda0000 of 64 bytes failed: Only part of a ReadProcessMemory or WriteProcessMemory request was completed. (0x12B)
[0208/113315.220:WARNING:pe_image_reader.cc(340)] could not read dos header from C:\WINDOWS\System32\KERNELBASE.dll
[0208/113315.220:ERROR:process_memory_win.cc(73)] ReadMemory at 0x7ffc35ff0000 of 64 bytes failed: Only part of a ReadProcessMemory or WriteProcessMemory request was completed. (0x12B)
[0208/113315.220:WARNING:pe_image_reader.cc(340)] could not read dos header from C:\Program Files (x86)\Google\Chrome\Application\80.0.3987.87\chrome_elf.dll
[0208/113315.220:ERROR:process_memory_win.cc(73)] ReadMemory at 0x7ffc4b070000 of 64 bytes failed: Only part of a ReadProcessMemory or WriteProcessMemory request was completed. (0x12B)
[0208/113315.220:WARNING:pe_image_reader.cc(340)] could not read dos header from C:\WINDOWS\SYSTEM32\VERSION.dll
[0208/113315.220:ERROR:process_memory_win.cc(73)] ReadMemory at 0x7ffc4dda0000 of 64 bytes failed: Only part of a ReadProcessMemory or WriteProcessMemory request was completed. (0x12B)
[0208/113315.220:WARNING:pe_image_reader.cc(340)] could not read dos header from C:\WINDOWS\System32\msvcrt.dll
[0208/113315.220:ERROR:process_memory_win.cc(73)] ReadMemory at 0x7ffc4da50000 of 64 bytes failed: Only part of a ReadProcessMemory or WriteProcessMemory request was completed. (0x12B)
[0208/113315.220:WARNING:pe_image_reader.cc(340)] could not read dos header from C:\WINDOWS\System32\bcryptPrimitives.dll
[0208/113315.220:ERROR:process_memory_win.cc(73)] ReadMemory at 0x7ffc4f080000 of 64 bytes failed: Only part of a ReadProcessMemory or WriteProcessMemory request was completed. (0x12B)
[0208/113315.220:WARNING:pe_image_reader.cc(340)] could not read dos header from C:\WINDOWS\System32\ADVAPI32.dll
[0208/113315.220:ERROR:process_memory_win.cc(73)] ReadMemory at 0x7ffc4f850000 of 64 bytes failed: Only part of a ReadProcessMemory or WriteProcessMemory request was completed. (0x12B)
[0208/113315.220:WARNING:pe_image_reader.cc(340)] could not read dos header from C:\WINDOWS\System32\sechost.dll
[0208/113315.220:ERROR:process_memory_win.cc(73)] ReadMemory at 0x7ffc4de40000 of 64 bytes failed: Only part of a ReadProcessMemory or WriteProcessMemory request was completed. (0x12B)
[0208/113315.220:WARNING:pe_image_reader.cc(340)] could not read dos header from C:\WINDOWS\System32\RPCRT4.dll
[0208/113315.220:ERROR:process_memory_win.cc(73)] ReadMemory at 0x7ffbfb390000 of 64 bytes failed: Only part of a ReadProcessMemory or WriteProcessMemory request was completed. (0x12B)
[0208/113315.220:WARNING:pe_image_reader.cc(340)] could not read dos header from C:\Program Files (x86)\Google\Chrome\Application\80.0.3987.87\chrome.dll
[0208/113315.220:ERROR:process_memory_win.cc(73)] ReadMemory at 0x7ffc4dd30000 of 64 bytes failed: Only part of a ReadProcessMemory or WriteProcessMemory request was completed. (0x12B)
[0208/113315.220:WARNING:pe_image_reader.cc(340)] could not read dos header from C:\WINDOWS\System32\WS2_32.dll
[0208/113315.220:ERROR:process_memory_win.cc(73)] ReadMemory at 0x7ffc4f250000 of 64 bytes failed: Only part of a ReadProcessMemory or WriteProcessMemory request was completed. (0x12B)
[0208/113315.220:WARNING:pe_image_reader.cc(340)] could not read dos header from C:\WINDOWS\System32\OLEAUT32.dll
[0208/113315.220:ERROR:process_memory_win.cc(73)] ReadMemory at 0x7ffc4cb80000 of 64 bytes failed: Only part of a ReadProcessMemory or WriteProcessMemory request was completed. (0x12B)
[0208/113315.220:WARNING:pe_image_reader.cc(340)] could not read dos header from C:\WINDOWS\System32\msvcp_win.dll
[0208/113315.220:ERROR:process_memory_win.cc(73)] ReadMemory at 0x7ffc4c9b0000 of 64 bytes failed: Only part of a ReadProcessMemory or WriteProcessMemory request was completed. (0x12B)
[0208/113315.220:WARNING:pe_image_reader.cc(340)] could not read dos header from C:\WINDOWS\System32\ucrtbase.dll
[0208/113315.220:ERROR:process_memory_win.cc(73)] ReadMemory at 0x7ffc4f510000 of 64 bytes failed: Only part of a ReadProcessMemory or WriteProcessMemory request was completed. (0x12B)
[0208/113315.224:WARNING:pe_image_reader.cc(340)] could not read dos header from C:\WINDOWS\System32\combase.dll
[0208/113315.224:ERROR:process_memory_win.cc(73)] ReadMemory at 0x7ffc4cad0000 of 64 bytes failed: Only part of a ReadProcessMemory or WriteProcessMemory request was completed. (0x12B)
[0208/113315.224:WARNING:pe_image_reader.cc(340)] could not read dos header from C:\WINDOWS\System32\WINTRUST.dll
[0208/113315.224:ERROR:process_memory_win.cc(73)] ReadMemory at 0x7ffc4c900000 of 64 bytes failed: Only part of a ReadProcessMemory or WriteProcessMemory request was completed. (0x12B)
[0208/113315.224:WARNING:pe_image_reader.cc(340)] could not read dos header from C:\WINDOWS\System32\MSASN1.dll
[0208/113315.224:ERROR:process_memory_win.cc(73)] ReadMemory at 0x7ffc4cc50000 of 64 bytes failed: Only part of a ReadProcessMemory or WriteProcessMemory request was completed. (0x12B)
[0208/113315.224:WARNING:pe_image_reader.cc(340)] could not read dos header from C:\WINDOWS\System32\CRYPT32.dll
[0208/113315.224:ERROR:process_memory_win.cc(73)] ReadMemory at 0x7ffc4be70000 of 64 bytes failed: Only part of a ReadProcessMemory or WriteProcessMemory request was completed. (0x12B)
[0208/113315.224:WARNING:pe_image_reader.cc(340)] could not read dos header from C:\WINDOWS\SYSTEM32\IPHLPAPI.DLL
[0208/113315.224:ERROR:process_memory_win.cc(73)] ReadMemory at 0x7ffc453d0000 of 64 bytes failed: Only part of a ReadProcessMemory or WriteProcessMemory request was completed. (0x12B)
[0208/113315.224:WARNING:pe_image_reader.cc(340)] could not read dos header from C:\WINDOWS\SYSTEM32\WINMM.dll
[0208/113315.224:ERROR:process_memory_win.cc(73)] ReadMemory at 0x7ffc35710000 of 64 bytes failed: Only part of a ReadProcessMemory or WriteProcessMemory request was completed. (0x12B)
[0208/113315.224:WARNING:pe_image_reader.cc(340)] could not read dos header from C:\WINDOWS\SYSTEM32\Secur32.dll
[0208/113315.224:ERROR:process_memory_win.cc(73)] ReadMemory at 0x7ffc4c810000 of 64 bytes failed: Only part of a ReadProcessMemory or WriteProcessMemory request was completed. (0x12B)
[0208/113315.224:WARNING:pe_image_reader.cc(340)] could not read dos header from C:\WINDOWS\SYSTEM32\USERENV.dll
[0208/113315.224:ERROR:process_memory_win.cc(73)] ReadMemory at 0x7ffc4c920000 of 64 bytes failed: Only part of a ReadProcessMemory or WriteProcessMemory request was completed. (0x12B)
[0208/113315.224:WARNING:pe_image_reader.cc(340)] could not read dos header from C:\WINDOWS\System32\profapi.dll
[0208/113315.224:ERROR:process_memory_win.cc(73)] ReadMemory at 0x7ffc2e260000 of 64 bytes failed: Only part of a ReadProcessMemory or WriteProcessMemory request was completed. (0x12B)
[0208/113315.224:WARNING:pe_image_reader.cc(340)] could not read dos header from C:\WINDOWS\SYSTEM32\UIAutomationCore.DLL
[0208/113315.224:ERROR:process_memory_win.cc(73)] ReadMemory at 0x7ffc36170000 of 64 bytes failed: Only part of a ReadProcessMemory or WriteProcessMemory request was completed. (0x12B)
[0208/113315.224:WARNING:pe_image_reader.cc(340)] could not read dos header from C:\WINDOWS\SYSTEM32\DWrite.dll
[0208/113315.224:ERROR:process_memory_win.cc(73)] ReadMemory at 0x7ffc37a80000 of 64 bytes failed: Only part of a ReadProcessMemory or WriteProcessMemory request was completed. (0x12B)
[0208/113315.224:WARNING:pe_image_reader.cc(340)] could not read dos header from C:\WINDOWS\SYSTEM32\WINSPOOL.DRV
[0208/113315.224:ERROR:process_memory_win.cc(73)] ReadMemory at 0x7ffc4c940000 of 64 bytes failed: Only part of a ReadProcessMemory or WriteProcessMemory request was completed. (0x12B)
[0208/113315.224:WARNING:pe_image_reader.cc(340)] could not read dos header from C:\WINDOWS\System32\kernel.appcore.dll
[0208/113315.224:ERROR:process_memory_win.cc(73)] ReadMemory at 0x7ffc4d1f0000 of 64 bytes failed: Only part of a ReadProcessMemory or WriteProcessMemory request was completed. (0x12B)
[0208/113315.224:WARNING:pe_image_reader.cc(340)] could not read dos header from C:\WINDOWS\System32\bcrypt.dll
[0208/113315.224:ERROR:process_memory_win.cc(73)] ReadMemory at 0x7ffc4a750000 of 64 bytes failed: Only part of a ReadProcessMemory or WriteProcessMemory request was completed. (0x12B)
[0208/113315.224:WARNING:pe_image_reader.cc(340)] could not read dos header from C:\WINDOWS\SYSTEM32\dbghelp.dll
[0208/113315.224:ERROR:process_memory_win.cc(73)] ReadMemory at 0x7ffc40850000 of 64 bytes failed: Only part of a ReadProcessMemory or WriteProcessMemory request was completed. (0x12B)
[0208/113315.224:WARNING:pe_image_reader.cc(340)] could not read dos header from C:\WINDOWS\SYSTEM32\WINHTTP.dll
[0208/113315.224:ERROR:process_memory_win.cc(73)] ReadMemory at 0x7ffc44be0000 of 64 bytes failed: Only part of a ReadProcessMemory or WriteProcessMemory request was completed. (0x12B)
[0208/113315.224:WARNING:pe_image_reader.cc(340)] could not read dos header from C:\WINDOWS\SYSTEM32\dhcpcsvc.DLL
[0208/113315.224:ERROR:process_memory_win.cc(73)] ReadMemory at 0x7ffc4dd20000 of 64 bytes failed: Only part of a ReadProcessMemory or WriteProcessMemory request was completed. (0x12B)
[0208/113315.224:WARNING:pe_image_reader.cc(340)] could not read dos header from C:\WINDOWS\System32\NSI.dll
[0208/113315.224:ERROR:process_memory_win.cc(73)] ReadMemory at 0x7ffc453a0000 of 64 bytes failed: Only part of a ReadProcessMemory or WriteProcessMemory request was completed. (0x12B)
[0208/113315.224:WARNING:pe_image_reader.cc(340)] could not read dos header from C:\WINDOWS\SYSTEM32\WINMMBASE.dll
[0208/113315.224:ERROR:process_memory_win.cc(73)] ReadMemory at 0x7ffc4cb30000 of 64 bytes failed: Only part of a ReadProcessMemory or WriteProcessMemory request was completed. (0x12B)
[0208/113315.224:WARNING:pe_image_reader.cc(340)] could not read dos header from C:\WINDOWS\System32\cfgmgr32.dll
[0208/113315.224:ERROR:process_memory_win.cc(73)] ReadMemory at 0x7ffc4aa00000 of 64 bytes failed: Only part of a ReadProcessMemory or WriteProcessMemory request was completed. (0x12B)
[0208/113315.224:WARNING:pe_image_reader.cc(340)] could not read dos header from C:\WINDOWS\SYSTEM32\PROPSYS.dll
[0208/113315.224:ERROR:process_memory_win.cc(73)] ReadMemory at 0x7ffc4f130000 of 64 bytes failed: Only part of a ReadProcessMemory or WriteProcessMemory request was completed. (0x12B)
[0208/113315.224:WARNING:pe_image_reader.cc(340)] could not read dos header from C:\WINDOWS\System32\shcore.dll
[0208/113315.224:ERROR:process_memory_win.cc(73)] ReadMemory at 0x7ffc4c7e0000 of 64 bytes failed: Only part of a ReadProcessMemory or WriteProcessMemory request was completed. (0x12B)
[0208/113315.224:WARNING:pe_image_reader.cc(340)] could not read dos header from C:\WINDOWS\SYSTEM32\SSPICLI.DLL
[0208/113315.224:ERROR:process_memory_win.cc(73)] ReadMemory at 0x7ffc4c330000 of 64 bytes failed: Only part of a ReadProcessMemory or WriteProcessMemory request was completed. (0x12B)
[0208/113315.224:WARNING:pe_image_reader.cc(340)] could not read dos header from C:\WINDOWS\SYSTEM32\CRYPTBASE.DLL
[0208/113315.236:ERROR:process_memory_win.cc(73)] ReadMemory at 0xb2a89f4000 of 49152 bytes failed: Only part of a ReadProcessMemory or WriteProcessMemory request was completed. (0x12B)
[0208/113315.236:ERROR:process_memory_win.cc(73)] ReadMemory at 0xb2a91fd000 of 12288 bytes failed: Only part of a ReadProcessMemory or WriteProcessMemory request was completed. (0x12B)
[0208/113315.236:ERROR:process_memory_win.cc(73)] ReadMemory at 0xb2a99fc000 of 16384 bytes failed: Only part of a ReadProcessMemory or WriteProcessMemory request was completed. (0x12B)
[0208/113315.236:ERROR:process_memory_win.cc(73)] ReadMemory at 0xb2aa1fc000 of 16384 bytes failed: Only part of a ReadProcessMemory or WriteProcessMemory request was completed. (0x12B)
[0208/113315.236:ERROR:process_memory_win.cc(73)] ReadMemory at 0xb2aa9fb000 of 20480 bytes failed: Only part of a ReadProcessMemory or WriteProcessMemory request was completed. (0x12B)
[0208/113315.236:ERROR:process_memory_win.cc(73)] ReadMemory at 0xb2ab1ff000 of 4096 bytes failed: Only part of a ReadProcessMemory or WriteProcessMemory request was completed. (0x12B)
[0208/113315.236:ERROR:process_memory_win.cc(73)] ReadMemory at 0xb2ab9fd000 of 12288 bytes failed: Only part of a ReadProcessMemory or WriteProcessMemory request was completed. (0x12B)
[0208/113315.236:ERROR:process_memory_win.cc(73)] ReadMemory at 0xb2ac1fb000 of 20480 bytes failed: Only part of a ReadProcessMemory or WriteProcessMemory request was completed. (0x12B)
[0208/113315.236:ERROR:process_memory_win.cc(73)] ReadMemory at 0xb2ac9fd000 of 12288 bytes failed: Only part of a ReadProcessMemory or WriteProcessMemory request was completed. (0x12B)
[0208/113315.236:ERROR:process_memory_win.cc(73)] ReadMemory at 0xb2ad1fd000 of 12288 bytes failed: Only part of a ReadProcessMemory or WriteProcessMemory request was completed. (0x12B)
[0208/113315.236:ERROR:process_memory_win.cc(73)] ReadMemory at 0xb2ad9fd000 of 12288 bytes failed: Only part of a ReadProcessMemory or WriteProcessMemory request was completed. (0x12B)
[0208/113315.236:ERROR:process_memory_win.cc(73)] ReadMemory at 0xb2ae1fd000 of 12288 bytes failed: Only part of a ReadProcessMemory or WriteProcessMemory request was completed. (0x12B)
[0208/113315.236:ERROR:process_memory_win.cc(73)] ReadMemory at 0xb2ae9fd000 of 12288 bytes failed: Only part of a ReadProcessMemory or WriteProcessMemory request was completed. (0x12B)
[0208/113315.240:ERROR:process_memory_win.cc(73)] ReadMemory at 0xb2af1fd000 of 12288 bytes failed: Only part of a ReadProcessMemory or WriteProcessMemory request was completed. (0x12B)
[0208/113315.240:ERROR:process_memory_win.cc(73)] ReadMemory at 0xb2a803f000 of 852 bytes failed: Only part of a ReadProcessMemory or WriteProcessMemory request was completed. (0x12B)
[0208/113315.240:ERROR:process_memory_win.cc(73)] ReadMemory at 0xb2a8040000 of 6024 bytes failed: Only part of a ReadProcessMemory or WriteProcessMemory request was completed. (0x12B)
[0208/113315.240:ERROR:process_memory_win.cc(73)] ReadMemory at 0xb2a8042000 of 6024 bytes failed: Only part of a ReadProcessMemory or WriteProcessMemory request was completed. (0x12B)
[0208/113315.240:ERROR:process_memory_win.cc(73)] ReadMemory at 0xb2a8044000 of 6024 bytes failed: Only part of a ReadProcessMemory or WriteProcessMemory request was completed. (0x12B)
[0208/113315.240:ERROR:process_memory_win.cc(73)] ReadMemory at 0xb2a8046000 of 6024 bytes failed: Only part of a ReadProcessMemory or WriteProcessMemory request was completed. (0x12B)
[0208/113315.240:ERROR:process_memory_win.cc(73)] ReadMemory at 0xb2a8048000 of 6024 bytes failed: Only part of a ReadProcessMemory or WriteProcessMemory request was completed. (0x12B)
[0208/113315.240:ERROR:process_memory_win.cc(73)] ReadMemory at 0xb2a804a000 of 6024 bytes failed: Only part of a ReadProcessMemory or WriteProcessMemory request was completed. (0x12B)
[0208/113315.240:ERROR:process_memory_win.cc(73)] ReadMemory at 0xb2a804c000 of 6024 bytes failed: Only part of a ReadProcessMemory or WriteProcessMemory request was completed. (0x12B)
[0208/113315.240:ERROR:process_memory_win.cc(73)] ReadMemory at 0xb2a804e000 of 6024 bytes failed: Only part of a ReadProcessMemory or WriteProcessMemory request was completed. (0x12B)
[0208/113315.240:ERROR:process_memory_win.cc(73)] ReadMemory at 0xb2a8050000 of 6024 bytes failed: Only part of a ReadProcessMemory or WriteProcessMemory request was completed. (0x12B)
[0208/113315.240:ERROR:process_memory_win.cc(73)] ReadMemory at 0xb2a8052000 of 6024 bytes failed: Only part of a ReadProcessMemory or WriteProcessMemory request was completed. (0x12B)
[0208/113315.240:ERROR:process_memory_win.cc(73)] ReadMemory at 0xb2a8054000 of 6024 bytes failed: Only part of a ReadProcessMemory or WriteProcessMemory request was completed. (0x12B)
[0208/113315.240:ERROR:process_memory_win.cc(73)] ReadMemory at 0xb2a8056000 of 6024 bytes failed: Only part of a ReadProcessMemory or WriteProcessMemory request was completed. (0x12B)
[0208/113315.240:ERROR:process_memory_win.cc(73)] ReadMemory at 0xb2a8058000 of 6024 bytes failed: Only part of a ReadProcessMemory or WriteProcessMemory request was completed. (0x12B)
[0208/113315.240:ERROR:process_memory_win.cc(73)] ReadMemory at 0xb2a805a000 of 6024 bytes failed: Only part of a ReadProcessMemory or WriteProcessMemory request was completed. (0x12B)
[0208/113315.240:ERROR:process_memory_win.cc(73)] ReadMemory at 0x28024af0750 of 80 bytes failed: Only part of a ReadProcessMemory or WriteProcessMemory request was completed. (0x12B)
[0208/113315.240:ERROR:process_memory_win.cc(73)] ReadMemory at 0x28024af0fe0 of 4490 bytes failed: Only part of a ReadProcessMemory or WriteProcessMemory request was completed. (0x12B)
[0208/113315.240:ERROR:process_memory_win.cc(73)] ReadMemory at 0x28024af2180 of 1012 bytes failed: Only part of a ReadProcessMemory or WriteProcessMemory request was completed. (0x12B)
[0208/113315.240:ERROR:process_memory_win.cc(73)] ReadMemory at 0x28024af27c8 of 118 bytes failed: Only part of a ReadProcessMemory or WriteProcessMemory request was completed. (0x12B)
[0208/113315.240:ERROR:process_memory_win.cc(73)] ReadMemory at 0x28024af2840 of 762 bytes failed: Only part of a ReadProcessMemory or WriteProcessMemory request was completed. (0x12B)
[0208/113315.240:ERROR:process_memory_win.cc(73)] ReadMemory at 0x28024af2b3c of 118 bytes failed: Only part of a ReadProcessMemory or WriteProcessMemory request was completed. (0x12B)
[0208/113315.240:ERROR:process_memory_win.cc(73)] ReadMemory at 0x28024af2bb4 of 100 bytes failed: Only part of a ReadProcessMemory or WriteProcessMemory request was completed. (0x12B)
[0208/113315.240:ERROR:process_memory_win.cc(73)] ReadMemory at 0x28024af2c30 of 58 bytes failed: Only part of a ReadProcessMemory or WriteProcessMemory request was completed. (0x12B)
[0208/113315.240:ERROR:process_memory_win.cc(73)] ReadMemory at 0x28024af2d30 of 132 bytes failed: Only part of a ReadProcessMemory or WriteProcessMemory request was completed. (0x12B)
[0208/113315.240:ERROR:process_memory_win.cc(73)] ReadMemory at 0x28024af2ec0 of 132 bytes failed: Only part of a ReadProcessMemory or WriteProcessMemory request was completed. (0x12B)
[0208/113315.240:ERROR:process_memory_win.cc(73)] ReadMemory at 0x28024af3080 of 124 bytes failed: Only part of a ReadProcessMemory or WriteProcessMemory request was completed. (0x12B)
[0208/113315.240:ERROR:process_memory_win.cc(73)] ReadMemory at 0x28024af3460 of 132 bytes failed: Only part of a ReadProcessMemory or WriteProcessMemory request was completed. (0x12B)
[0208/113315.240:ERROR:process_memory_win.cc(73)] ReadMemory at 0x28024af35f0 of 64 bytes failed: Only part of a ReadProcessMemory or WriteProcessMemory request was completed. (0x12B)
[0208/113315.240:ERROR:process_memory_win.cc(73)] ReadMemory at 0x28024af3640 of 132 bytes failed: Only part of a ReadProcessMemory or WriteProcessMemory request was completed. (0x12B)
[0208/113315.240:ERROR:process_memory_win.cc(73)] ReadMemory at 0x28024af37b0 of 132 bytes failed: Only part of a ReadProcessMemory or WriteProcessMemory request was completed. (0x12B)
[0208/113315.240:ERROR:process_memory_win.cc(73)] ReadMemory at 0x28024af3a50 of 132 bytes failed: Only part of a ReadProcessMemory or WriteProcessMemory request was completed. (0x12B)
[0208/113315.240:ERROR:process_memory_win.cc(73)] ReadMemory at 0x28024af3be0 of 68 bytes failed: Only part of a ReadProcessMemory or WriteProcessMemory request was completed. (0x12B)
[0208/113315.244:ERROR:process_memory_win.cc(73)] ReadMemory at 0x28024af4bd0 of 144 bytes failed: Only part of a ReadProcessMemory or WriteProcessMemory request was completed. (0x12B)
[0208/113315.244:ERROR:process_memory_win.cc(73)] ReadMemory at 0x28024af4cb0 of 132 bytes failed: Only part of a ReadProcessMemory or WriteProcessMemory request was completed. (0x12B)
[0208/113315.244:ERROR:process_memory_win.cc(73)] ReadMemory at 0x28024af4e40 of 152 bytes failed: Only part of a ReadProcessMemory or WriteProcessMemory request was completed. (0x12B)
[0208/113315.244:ERROR:process_memory_win.cc(73)] ReadMemory at 0x28024af5c30 of 62 bytes failed: Only part of a ReadProcessMemory or WriteProcessMemory request was completed. (0x12B)
[0208/113315.244:ERROR:process_memory_win.cc(73)] ReadMemory at 0x28024af5c80 of 132 bytes failed: Only part of a ReadProcessMemory or WriteProcessMemory request was completed. (0x12B)
[0208/113315.244:ERROR:process_memory_win.cc(73)] ReadMemory at 0x28024af5e20 of 132 bytes failed: Only part of a ReadProcessMemory or WriteProcessMemory request was completed. (0x12B)
[0208/113315.244:ERROR:process_memory_win.cc(73)] ReadMemory at 0x28024af5f50 of 60 bytes failed: Only part of a ReadProcessMemory or WriteProcessMemory request was completed. (0x12B)
[0208/113315.244:ERROR:process_memory_win.cc(73)] ReadMemory at 0x28024af6b60 of 132 bytes failed: Only part of a ReadProcessMemory or WriteProcessMemory request was completed. (0x12B)
[0208/113315.244:ERROR:process_memory_win.cc(73)] ReadMemory at 0x28024af6d80 of 132 bytes failed: Only part of a ReadProcessMemory or WriteProcessMemory request was completed. (0x12B)
[0208/113315.244:ERROR:process_memory_win.cc(73)] ReadMemory at 0x28024af70e0 of 132 bytes failed: Only part of a ReadProcessMemory or WriteProcessMemory request was completed. (0x12B)
[0208/113315.244:ERROR:process_memory_win.cc(73)] ReadMemory at 0x28024af72f0 of 132 bytes failed: Only part of a ReadProcessMemory or WriteProcessMemory request was completed. (0x12B)
[0208/113315.244:ERROR:process_memory_win.cc(73)] ReadMemory at 0x28024af78f0 of 132 bytes failed: Only part of a ReadProcessMemory or WriteProcessMemory request was completed. (0x12B)
[0208/113315.244:ERROR:process_memory_win.cc(73)] ReadMemory at 0x28024afaa70 of 60 bytes failed: Only part of a ReadProcessMemory or WriteProcessMemory request was completed. (0x12B)
[0208/113315.244:ERROR:process_memory_win.cc(73)] ReadMemory at 0x28024afaac0 of 64 bytes failed: Only part of a ReadProcessMemory or WriteProcessMemory request was completed. (0x12B)
[0208/113315.244:ERROR:process_memory_win.cc(73)] ReadMemory at 0x28024afab60 of 66 bytes failed: Only part of a ReadProcessMemory or WriteProcessMemory request was completed. (0x12B)
[0208/113315.244:ERROR:process_memory_win.cc(73)] ReadMemory at 0x28024afac50 of 60 bytes failed: Only part of a ReadProcessMemory or WriteProcessMemory request was completed. (0x12B)
[0208/113315.244:ERROR:process_memory_win.cc(73)] ReadMemory at 0x28024afacf0 of 64 bytes failed: Only part of a ReadProcessMemory or WriteProcessMemory request was completed. (0x12B)
[0208/113315.244:ERROR:process_memory_win.cc(73)] ReadMemory at 0x28024afad40 of 62 bytes failed: Only part of a ReadProcessMemory or WriteProcessMemory request was completed. (0x12B)
[0208/113315.244:ERROR:process_memory_win.cc(73)] ReadMemory at 0x28024afade0 of 64 bytes failed: Only part of a ReadProcessMemory or WriteProcessMemory request was completed. (0x12B)
[0208/113315.244:ERROR:process_memory_win.cc(73)] ReadMemory at 0x28024afae30 of 62 bytes failed: Only part of a ReadProcessMemory or WriteProcessMemory request was completed. (0x12B)
[0208/113315.244:ERROR:process_memory_win.cc(73)] ReadMemory at 0x28024afaed0 of 64 bytes failed: Only part of a ReadProcessMemory or WriteProcessMemory request was completed. (0x12B)
[0208/113315.244:ERROR:process_memory_win.cc(73)] ReadMemory at 0x28024afb150 of 132 bytes failed: Only part of a ReadProcessMemory or WriteProcessMemory request was completed. (0x12B)
[0208/113315.244:ERROR:process_memory_win.cc(73)] ReadMemory at 0x28024afb280 of 132 bytes failed: Only part of a ReadProcessMemory or WriteProcessMemory request was completed. (0x12B)
[0208/113315.244:ERROR:process_memory_win.cc(73)] ReadMemory at 0x28024afb3b0 of 132 bytes failed: Only part of a ReadProcessMemory or WriteProcessMemory request was completed. (0x12B)
[0208/113315.244:ERROR:process_memory_win.cc(73)] ReadMemory at 0x28024afb4e0 of 132 bytes failed: Only part of a ReadProcessMemory or WriteProcessMemory request was completed. (0x12B)
[0208/113315.244:ERROR:process_memory_win.cc(73)] ReadMemory at 0x28024afb610 of 132 bytes failed: Only part of a ReadProcessMemory or WriteProcessMemory request was completed. (0x12B)
[0208/113315.244:ERROR:process_memory_win.cc(73)] ReadMemory at 0x28024afb740 of 132 bytes failed: Only part of a ReadProcessMemory or WriteProcessMemory request was completed. (0x12B)
[0208/113315.244:ERROR:process_memory_win.cc(73)] ReadMemory at 0x28024afb870 of 132 bytes failed: Only part of a ReadProcessMemory or WriteProcessMemory request was completed. (0x12B)
[0208/113315.244:ERROR:process_memory_win.cc(73)] ReadMemory at 0x28024afb9a0 of 132 bytes failed: Only part of a ReadProcessMemory or WriteProcessMemory request was completed. (0x12B)
[0208/113315.244:ERROR:process_memory_win.cc(73)] ReadMemory at 0x28024afbad0 of 132 bytes failed: Only part of a ReadProcessMemory or WriteProcessMemory request was completed. (0x12B)
[0208/113315.244:ERROR:process_memory_win.cc(73)] ReadMemory at 0x28024afbc00 of 132 bytes failed: Only part of a ReadProcessMemory or WriteProcessMemory request was completed. (0x12B)
[0208/113315.244:ERROR:process_memory_win.cc(73)] ReadMemory at 0x28024afbd30 of 132 bytes failed: Only part of a ReadProcessMemory or WriteProcessMemory request was completed. (0x12B)
[0208/113315.244:ERROR:process_memory_win.cc(73)] ReadMemory at 0x28024afbe60 of 132 bytes failed: Only part of a ReadProcessMemory or WriteProcessMemory request was completed. (0x12B)
[0208/113315.244:ERROR:process_memory_win.cc(73)] ReadMemory at 0x28024afd5f0 of 132 bytes failed: Only part of a ReadProcessMemory or WriteProcessMemory request was completed. (0x12B)
[0208/113315.244:ERROR:process_memory_win.cc(73)] ReadMemory at 0x28024afe520 of 132 bytes failed: Only part of a ReadProcessMemory or WriteProcessMemory request was completed. (0x12B)
[0208/113315.244:ERROR:process_memory_win.cc(73)] ReadMemory at 0x28024b02080 of 132 bytes failed: Only part of a ReadProcessMemory or WriteProcessMemory request was completed. (0x12B)
[0208/113315.244:ERROR:process_memory_win.cc(73)] ReadMemory at 0x28024b03ff0 of 54 bytes failed: Only part of a ReadProcessMemory or WriteProcessMemory request was completed. (0x12B)
[0208/113315.244:ERROR:process_memory_win.cc(73)] ReadMemory at 0x28024b05d40 of 80 bytes failed: Only part of a ReadProcessMemory or WriteProcessMemory request was completed. (0x12B)
[0208/113315.244:ERROR:process_memory_win.cc(73)] ReadMemory at 0x28024b05ec0 of 76 bytes failed: Only part of a ReadProcessMemory or WriteProcessMemory request was completed. (0x12B)
[0208/113315.244:ERROR:process_memory_win.cc(73)] ReadMemory at 0x28024b06020 of 60 bytes failed: Only part of a ReadProcessMemory or WriteProcessMemory request was completed. (0x12B)
[0208/113315.244:ERROR:process_memory_win.cc(73)] ReadMemory at 0x28024b06110 of 64 bytes failed: Only part of a ReadProcessMemory or WriteProcessMemory request was completed. (0x12B)
[0208/113315.244:ERROR:process_memory_win.cc(73)] ReadMemory at 0x28024b061b0 of 64 bytes failed: Only part of a ReadProcessMemory or WriteProcessMemory request was completed. (0x12B)
[0208/113315.244:ERROR:process_memory_win.cc(73)] ReadMemory at 0x28024b062f0 of 62 bytes failed: Only part of a ReadProcessMemory or WriteProcessMemory request was completed. (0x12B)
[0208/113315.244:ERROR:process_memory_win.cc(73)] ReadMemory at 0x28024b06610 of 58 bytes failed: Only part of a ReadProcessMemory or WriteProcessMemory request was completed. (0x12B)
[0208/113315.244:ERROR:process_memory_win.cc(73)] ReadMemory at 0x28024b066b0 of 60 bytes failed: Only part of a ReadProcessMemory or WriteProcessMemory request was completed. (0x12B)
[0208/113315.244:ERROR:process_memory_win.cc(73)] ReadMemory at 0x28024b067a0 of 62 bytes failed: Only part of a ReadProcessMemory or WriteProcessMemory request was completed. (0x12B)
[0208/113315.244:ERROR:process_memory_win.cc(73)] ReadMemory at 0x28024b067f0 of 64 bytes failed: Only part of a ReadProcessMemory or WriteProcessMemory request was completed. (0x12B)
[0208/113315.248:ERROR:process_memory_win.cc(73)] ReadMemory at 0x28024b06890 of 60 bytes failed: Only part of a ReadProcessMemory or WriteProcessMemory request was completed. (0x12B)
[0208/113315.248:ERROR:process_memory_win.cc(73)] ReadMemory at 0x28024b06930 of 62 bytes failed: Only part of a ReadProcessMemory or WriteProcessMemory request was completed. (0x12B)
[0208/113315.248:ERROR:process_memory_win.cc(73)] ReadMemory at 0x28024b06ac0 of 62 bytes failed: Only part of a ReadProcessMemory or WriteProcessMemory request was completed. (0x12B)
[0208/113315.248:ERROR:process_memory_win.cc(73)] ReadMemory at 0x28024b06c00 of 62 bytes failed: Only part of a ReadProcessMemory or WriteProcessMemory request was completed. (0x12B)
[0208/113315.248:ERROR:process_memory_win.cc(73)] ReadMemory at 0x28024b06c50 of 60 bytes failed: Only part of a ReadProcessMemory or WriteProcessMemory request was completed. (0x12B)
[0208/113315.248:ERROR:process_memory_win.cc(73)] ReadMemory at 0x28024b06ca0 of 62 bytes failed: Only part of a ReadProcessMemory or WriteProcessMemory request was completed. (0x12B)
[0208/113315.248:ERROR:process_memory_win.cc(73)] ReadMemory at 0x28024b06cf0 of 62 bytes failed: Only part of a ReadProcessMemory or WriteProcessMemory request was completed. (0x12B)
[0208/113315.248:ERROR:process_memory_win.cc(73)] ReadMemory at 0x28024b06d40 of 66 bytes failed: Only part of a ReadProcessMemory or WriteProcessMemory request was completed. (0x12B)
[0208/113315.248:ERROR:process_memory_win.cc(73)] ReadMemory at 0x28024b06e30 of 62 bytes failed: Only part of a ReadProcessMemory or WriteProcessMemory request was completed. (0x12B)
[0208/113315.248:ERROR:process_memory_win.cc(73)] ReadMemory at 0x28024b06e80 of 64 bytes failed: Only part of a ReadProcessMemory or WriteProcessMemory request was completed. (0x12B)
[0208/113315.248:ERROR:process_memory_win.cc(73)] ReadMemory at 0x28024b06fe0 of 132 bytes failed: Only part of a ReadProcessMemory or WriteProcessMemory request was completed. (0x12B)
[0208/113315.248:ERROR:process_memory_win.cc(73)] ReadMemory at 0x28024b07110 of 132 bytes failed: Only part of a ReadProcessMemory or WriteProcessMemory request was completed. (0x12B)
[0208/113315.248:ERROR:process_memory_win.cc(73)] ReadMemory at 0x28024b07a90 of 132 bytes failed: Only part of a ReadProcessMemory or WriteProcessMemory request was completed. (0x12B)
[0208/113315.248:ERROR:process_memory_win.cc(73)] ReadMemory at 0x28024b07e20 of 132 bytes failed: Only part of a ReadProcessMemory or WriteProcessMemory request was completed. (0x12B)
[0208/113315.248:ERROR:process_memory_win.cc(73)] ReadMemory at 0x28024b081b0 of 132 bytes failed: Only part of a ReadProcessMemory or WriteProcessMemory request was completed. (0x12B)
[0208/113315.248:ERROR:process_memory_win.cc(73)] ReadMemory at 0x28024b08410 of 132 bytes failed: Only part of a ReadProcessMemory or WriteProcessMemory request was completed. (0x12B)
[0208/113315.248:ERROR:process_memory_win.cc(73)] ReadMemory at 0x28024b08540 of 132 bytes failed: Only part of a ReadProcessMemory or WriteProcessMemory request was completed. (0x12B)
[0208/113315.248:ERROR:process_memory_win.cc(73)] ReadMemory at 0x28024b08670 of 132 bytes failed: Only part of a ReadProcessMemory or WriteProcessMemory request was completed. (0x12B)
[0208/113315.248:ERROR:process_memory_win.cc(73)] ReadMemory at 0x28024b087a0 of 132 bytes failed: Only part of a ReadProcessMemory or WriteProcessMemory request was completed. (0x12B)
[0208/113315.248:ERROR:process_memory_win.cc(73)] ReadMemory at 0x28024b08c60 of 132 bytes failed: Only part of a ReadProcessMemory or WriteProcessMemory request was completed. (0x12B)
[0208/113315.248:ERROR:process_memory_win.cc(73)] ReadMemory at 0x28024b20f80 of 512 bytes failed: Only part of a ReadProcessMemory or WriteProcessMemory request was completed. (0x12B)
[0208/113315.248:ERROR:process_memory_win.cc(73)] ReadMemory at 0x28024b22580 of 512 bytes failed: Only part of a ReadProcessMemory or WriteProcessMemory request was completed. (0x12B)
[0208/113315.252:ERROR:process_memory_win.cc(73)] ReadMemory at 0x28024b24060 of 512 bytes failed: Only part of a ReadProcessMemory or WriteProcessMemory request was completed. (0x12B)
[0208/113315.252:ERROR:process_memory_win.cc(73)] ReadMemory at 0x28024b25360 of 512 bytes failed: Only part of a ReadProcessMemory or WriteProcessMemory request was completed. (0x12B)
[0208/113315.252:ERROR:process_memory_win.cc(73)] ReadMemory at 0x28024d00d00 of 704 bytes failed: Only part of a ReadProcessMemory or WriteProcessMemory request was completed. (0x12B)
[0208/113315.252:ERROR:process_memory_win.cc(73)] ReadMemory at 0x28024d01300 of 512 bytes failed: Only part of a ReadProcessMemory or WriteProcessMemory request was completed. (0x12B)
[0208/113315.252:ERROR:process_memory_win.cc(73)] ReadMemory at 0x28024f506d0 of 512 bytes failed: Only part of a ReadProcessMemory or WriteProcessMemory request was completed. (0x12B)
[0208/113315.252:ERROR:process_memory_win.cc(73)] ReadMemory at 0x28024f52ae0 of 512 bytes failed: Only part of a ReadProcessMemory or WriteProcessMemory request was completed. (0x12B)
[0208/113315.252:ERROR:process_memory_win.cc(73)] ReadMemory at 0x28024f52fc0 of 512 bytes failed: Only part of a ReadProcessMemory or WriteProcessMemory request was completed. (0x12B)
[0208/113315.252:ERROR:process_memory_win.cc(73)] ReadMemory at 0x28024f547d0 of 512 bytes failed: Only part of a ReadProcessMemory or WriteProcessMemory request was completed. (0x12B)
[0208/113315.252:ERROR:process_memory_win.cc(73)] ReadMemory at 0x28024f77570 of 800 bytes failed: Only part of a ReadProcessMemory or WriteProcessMemory request was completed. (0x12B)
[0208/113315.252:ERROR:process_memory_win.cc(73)] ReadMemory at 0x28024f7fc88 of 800 bytes failed: Only part of a ReadProcessMemory or WriteProcessMemory request was completed. (0x12B)
[0208/113315.252:ERROR:process_memory_win.cc(73)] ReadMemory at 0x28024f80bb8 of 512 bytes failed: Only part of a ReadProcessMemory or WriteProcessMemory request was completed. (0x12B)
[0208/113315.252:ERROR:process_memory_win.cc(73)] ReadMemory at 0x28024fbab70 of 512 bytes failed: Only part of a ReadProcessMemory or WriteProcessMemory request was completed. (0x12B)
[0208/113315.252:ERROR:process_memory_win.cc(73)] ReadMemory at 0x28026dcb3b0 of 512 bytes failed: Only part of a ReadProcessMemory or WriteProcessMemory request was completed. (0x12B)
[0208/113315.252:ERROR:process_memory_win.cc(73)] ReadMemory at 0x28026f2f3e0 of 512 bytes failed: Only part of a ReadProcessMemory or WriteProcessMemory request was completed. (0x12B)
[0208/113315.252:ERROR:process_memory_win.cc(73)] ReadMemory at 0x280270f3188 of 512 bytes failed: Only part of a ReadProcessMemory or WriteProcessMemory request was completed. (0x12B)
[0208/113315.252:ERROR:process_memory_win.cc(73)] ReadMemory at 0x280270f6e20 of 512 bytes failed: Only part of a ReadProcessMemory or WriteProcessMemory request was completed. (0x12B)
[0208/113315.252:ERROR:process_memory_win.cc(73)] ReadMemory at 0x280271ba050 of 528 bytes failed: Only part of a ReadProcessMemory or WriteProcessMemory request was completed. (0x12B)
[0208/113315.252:ERROR:process_memory_win.cc(73)] ReadMemory at 0x280271c39a0 of 512 bytes failed: Only part of a ReadProcessMemory or WriteProcessMemory request was completed. (0x12B)
[0208/113315.252:ERROR:process_memory_win.cc(73)] ReadMemory at 0x5ab899d25440 of 512 bytes failed: Only part of a ReadProcessMemory or WriteProcessMemory request was completed. (0x12B)
[0208/113315.252:ERROR:process_memory_win.cc(73)] ReadMemory at 0x7ffbfd0b13f0 of 512 bytes failed: Only part of a ReadProcessMemory or WriteProcessMemory request was completed. (0x12B)
[0208/113315.252:ERROR:process_memory_win.cc(73)] ReadMemory at 0x7ffbfd94020c of 512 bytes failed: Only part of a ReadProcessMemory or WriteProcessMemory request was completed. (0x12B)
[0208/113315.252:ERROR:process_memory_win.cc(73)] ReadMemory at 0x7ffbfe6d3a3b of 512 bytes failed: Only part of a ReadProcessMemory or WriteProcessMemory request was completed. (0x12B)
[0208/113315.252:ERROR:process_memory_win.cc(73)] ReadMemory at 0x7ffc02a98970 of 512 bytes failed: Only part of a ReadProcessMemory or WriteProcessMemory request was completed. (0x12B)
[0208/113315.252:ERROR:process_memory_win.cc(73)] ReadMemory at 0x7ffc4fabc0c4 of 672 bytes failed: Only part of a ReadProcessMemory or WriteProcessMemory request was completed. (0x12B)
[0208/113315.252:ERROR:process_memory_win.cc(73)] ReadMemory at 0x7ffc4fabc6c4 of 512 bytes failed: Only part of a ReadProcessMemory or WriteProcessMemory request was completed. (0x12B)
[0208/113315.252:ERROR:process_memory_win.cc(73)] ReadMemory at 0x7ffc4fabf974 of 608 bytes failed: Only part of a ReadProcessMemory or WriteProcessMemory request was completed. (0x12B)
[0208/113315.252:ERROR:process_memory_win.cc(73)] ReadMemory at 0x7ffc4fb4c428 of 18 bytes failed: Only part of a ReadProcessMemory or WriteProcessMemory request was completed. (0x12B)
[0208/113315.252:ERROR:process_memory_win.cc(73)] ReadMemory at 0x7ffc4fb7f4f8 of 40 bytes failed: Only part of a ReadProcessMemory or WriteProcessMemory request was completed. (0x12B)
[0208/113315.252:ERROR:process_memory_win.cc(73)] ReadMemory at 0x7ffc4fb7f978 of 48 bytes failed: Only part of a ReadProcessMemory or WriteProcessMemory request was completed. (0x12B)
[0208/113315.252:ERROR:process_memory_win.cc(73)] ReadMemory at 0x7ffc4fb853c0 of 64 bytes failed: Only part of a ReadProcessMemory or WriteProcessMemory request was completed. (0x12B)
[0208/113315.292:ERROR:scoped_process_suspend.cc(40)] NtResumeProcess: An attempt was made to access an exiting process. (0xc000010a)
